
AVRASM ver. 2.1.30  C:\Users\Lenovo\MicroprocessorLabProjects\Microprocessor-Lab\MicroLab_Project3\Project3.3\Code\Debug\List\code3.asm Mon Jan 04 04:31:03 2021

C:\Users\Lenovo\MicroprocessorLabProjects\Microprocessor-Lab\MicroLab_Project3\Project3.3\Code\Debug\List\code3.asm(1088): warning: Register r4 already defined by the .DEF directive
C:\Users\Lenovo\MicroprocessorLabProjects\Microprocessor-Lab\MicroLab_Project3\Project3.3\Code\Debug\List\code3.asm(1089): warning: Register r5 already defined by the .DEF directive
C:\Users\Lenovo\MicroprocessorLabProjects\Microprocessor-Lab\MicroLab_Project3\Project3.3\Code\Debug\List\code3.asm(1090): warning: Register r6 already defined by the .DEF directive
C:\Users\Lenovo\MicroprocessorLabProjects\Microprocessor-Lab\MicroLab_Project3\Project3.3\Code\Debug\List\code3.asm(1091): warning: Register r7 already defined by the .DEF directive
C:\Users\Lenovo\MicroprocessorLabProjects\Microprocessor-Lab\MicroLab_Project3\Project3.3\Code\Debug\List\code3.asm(1092): warning: Register r8 already defined by the .DEF directive
C:\Users\Lenovo\MicroprocessorLabProjects\Microprocessor-Lab\MicroLab_Project3\Project3.3\Code\Debug\List\code3.asm(1093): warning: Register r9 already defined by the .DEF directive
C:\Users\Lenovo\MicroprocessorLabProjects\Microprocessor-Lab\MicroLab_Project3\Project3.3\Code\Debug\List\code3.asm(1094): warning: Register r10 already defined by the .DEF directive
C:\Users\Lenovo\MicroprocessorLabProjects\Microprocessor-Lab\MicroLab_Project3\Project3.3\Code\Debug\List\code3.asm(1095): warning: Register r11 already defined by the .DEF directive
C:\Users\Lenovo\MicroprocessorLabProjects\Microprocessor-Lab\MicroLab_Project3\Project3.3\Code\Debug\List\code3.asm(1096): warning: Register r12 already defined by the .DEF directive
C:\Users\Lenovo\MicroprocessorLabProjects\Microprocessor-Lab\MicroLab_Project3\Project3.3\Code\Debug\List\code3.asm(1097): warning: Register r13 already defined by the .DEF directive
                 
                 
                 ;CodeVisionAVR C Compiler V3.12 Advanced
                 ;(C) Copyright 1998-2014 Pavel Haiduc, HP InfoTech s.r.l.
                 ;http://www.hpinfotech.com
                 
                 ;Build configuration    : Debug
                 ;Chip type              : ATmega16
                 ;Program type           : Application
                 ;Clock frequency        : 8.000000 MHz
                 ;Memory model           : Small
                 ;Optimize for           : Size
                 ;(s)printf features     : int, width
                 ;(s)scanf features      : int, width
                 ;External RAM size      : 0
                 ;Data Stack size        : 256 byte(s)
                 ;Heap size              : 0 byte(s)
                 ;Promote 'char' to 'int': Yes
                 ;'char' is unsigned     : Yes
                 ;8 bit enums            : Yes
                 ;Global 'const' stored in FLASH: Yes
                 ;Enhanced function parameter passing: Yes
                 ;Enhanced core instructions: On
                 ;Automatic register allocation for global variables: On
                 ;Smart register allocation: On
                 
                 	#define _MODEL_SMALL_
                 
                 	#pragma AVRPART ADMIN PART_NAME ATmega16
                 	#pragma AVRPART MEMORY PROG_FLASH 16384
                 	#pragma AVRPART MEMORY EEPROM 512
                 	#pragma AVRPART MEMORY INT_SRAM SIZE 1024
                 	#pragma AVRPART MEMORY INT_SRAM START_ADDR 0x60
                 
                 	#define CALL_SUPPORTED 1
                 
                 	.LISTMAC
                 	.EQU UDRE=0x5
                 	.EQU RXC=0x7
                 	.EQU USR=0xB
                 	.EQU UDR=0xC
                 	.EQU SPSR=0xE
                 	.EQU SPDR=0xF
                 	.EQU EERE=0x0
                 	.EQU EEWE=0x1
                 	.EQU EEMWE=0x2
                 	.EQU EECR=0x1C
                 	.EQU EEDR=0x1D
                 	.EQU EEARL=0x1E
                 	.EQU EEARH=0x1F
                 	.EQU WDTCR=0x21
                 	.EQU MCUCR=0x35
                 	.EQU GICR=0x3B
                 	.EQU SPL=0x3D
                 	.EQU SPH=0x3E
                 	.EQU SREG=0x3F
                 
                 	.DEF R0X0=R0
                 	.DEF R0X1=R1
                 	.DEF R0X2=R2
                 	.DEF R0X3=R3
                 	.DEF R0X4=R4
                 	.DEF R0X5=R5
                 	.DEF R0X6=R6
                 	.DEF R0X7=R7
                 	.DEF R0X8=R8
                 	.DEF R0X9=R9
                 	.DEF R0XA=R10
                 	.DEF R0XB=R11
                 	.DEF R0XC=R12
                 	.DEF R0XD=R13
                 	.DEF R0XE=R14
                 	.DEF R0XF=R15
                 	.DEF R0X10=R16
                 	.DEF R0X11=R17
                 	.DEF R0X12=R18
                 	.DEF R0X13=R19
                 	.DEF R0X14=R20
                 	.DEF R0X15=R21
                 	.DEF R0X16=R22
                 	.DEF R0X17=R23
                 	.DEF R0X18=R24
                 	.DEF R0X19=R25
                 	.DEF R0X1A=R26
                 	.DEF R0X1B=R27
                 	.DEF R0X1C=R28
                 	.DEF R0X1D=R29
                 	.DEF R0X1E=R30
                 	.DEF R0X1F=R31
                 
                 	.EQU __SRAM_START=0x0060
                 	.EQU __SRAM_END=0x045F
                 	.EQU __DSTACK_SIZE=0x0100
                 	.EQU __HEAP_SIZE=0x0000
                 	.EQU __CLEAR_SRAM_SIZE=__SRAM_END-__SRAM_START+1
                 
                 	.MACRO __CPD1N
                 	CPI  R30,LOW(@0)
                 	LDI  R26,HIGH(@0)
                 	CPC  R31,R26
                 	LDI  R26,BYTE3(@0)
                 	CPC  R22,R26
                 	LDI  R26,BYTE4(@0)
                 	CPC  R23,R26
                 	.ENDM
                 
                 	.MACRO __CPD2N
                 	CPI  R26,LOW(@0)
                 	LDI  R30,HIGH(@0)
                 	CPC  R27,R30
                 	LDI  R30,BYTE3(@0)
                 	CPC  R24,R30
                 	LDI  R30,BYTE4(@0)
                 	CPC  R25,R30
                 	.ENDM
                 
                 	.MACRO __CPWRR
                 	CP   R@0,R@2
                 	CPC  R@1,R@3
                 	.ENDM
                 
                 	.MACRO __CPWRN
                 	CPI  R@0,LOW(@2)
                 	LDI  R30,HIGH(@2)
                 	CPC  R@1,R30
                 	.ENDM
                 
                 	.MACRO __ADDB1MN
                 	SUBI R30,LOW(-@0-(@1))
                 	.ENDM
                 
                 	.MACRO __ADDB2MN
                 	SUBI R26,LOW(-@0-(@1))
                 	.ENDM
                 
                 	.MACRO __ADDW1MN
                 	SUBI R30,LOW(-@0-(@1))
                 	SBCI R31,HIGH(-@0-(@1))
                 	.ENDM
                 
                 	.MACRO __ADDW2MN
                 	SUBI R26,LOW(-@0-(@1))
                 	SBCI R27,HIGH(-@0-(@1))
                 	.ENDM
                 
                 	.MACRO __ADDW1FN
                 	SUBI R30,LOW(-2*@0-(@1))
                 	SBCI R31,HIGH(-2*@0-(@1))
                 	.ENDM
                 
                 	.MACRO __ADDD1FN
                 	SUBI R30,LOW(-2*@0-(@1))
                 	SBCI R31,HIGH(-2*@0-(@1))
                 	SBCI R22,BYTE3(-2*@0-(@1))
                 	.ENDM
                 
                 	.MACRO __ADDD1N
                 	SUBI R30,LOW(-@0)
                 	SBCI R31,HIGH(-@0)
                 	SBCI R22,BYTE3(-@0)
                 	SBCI R23,BYTE4(-@0)
                 	.ENDM
                 
                 	.MACRO __ADDD2N
                 	SUBI R26,LOW(-@0)
                 	SBCI R27,HIGH(-@0)
                 	SBCI R24,BYTE3(-@0)
                 	SBCI R25,BYTE4(-@0)
                 	.ENDM
                 
                 	.MACRO __SUBD1N
                 	SUBI R30,LOW(@0)
                 	SBCI R31,HIGH(@0)
                 	SBCI R22,BYTE3(@0)
                 	SBCI R23,BYTE4(@0)
                 	.ENDM
                 
                 	.MACRO __SUBD2N
                 	SUBI R26,LOW(@0)
                 	SBCI R27,HIGH(@0)
                 	SBCI R24,BYTE3(@0)
                 	SBCI R25,BYTE4(@0)
                 	.ENDM
                 
                 	.MACRO __ANDBMNN
                 	LDS  R30,@0+(@1)
                 	ANDI R30,LOW(@2)
                 	STS  @0+(@1),R30
                 	.ENDM
                 
                 	.MACRO __ANDWMNN
                 	LDS  R30,@0+(@1)
                 	ANDI R30,LOW(@2)
                 	STS  @0+(@1),R30
                 	LDS  R30,@0+(@1)+1
                 	ANDI R30,HIGH(@2)
                 	STS  @0+(@1)+1,R30
                 	.ENDM
                 
                 	.MACRO __ANDD1N
                 	ANDI R30,LOW(@0)
                 	ANDI R31,HIGH(@0)
                 	ANDI R22,BYTE3(@0)
                 	ANDI R23,BYTE4(@0)
                 	.ENDM
                 
                 	.MACRO __ANDD2N
                 	ANDI R26,LOW(@0)
                 	ANDI R27,HIGH(@0)
                 	ANDI R24,BYTE3(@0)
                 	ANDI R25,BYTE4(@0)
                 	.ENDM
                 
                 	.MACRO __ORBMNN
                 	LDS  R30,@0+(@1)
                 	ORI  R30,LOW(@2)
                 	STS  @0+(@1),R30
                 	.ENDM
                 
                 	.MACRO __ORWMNN
                 	LDS  R30,@0+(@1)
                 	ORI  R30,LOW(@2)
                 	STS  @0+(@1),R30
                 	LDS  R30,@0+(@1)+1
                 	ORI  R30,HIGH(@2)
                 	STS  @0+(@1)+1,R30
                 	.ENDM
                 
                 	.MACRO __ORD1N
                 	ORI  R30,LOW(@0)
                 	ORI  R31,HIGH(@0)
                 	ORI  R22,BYTE3(@0)
                 	ORI  R23,BYTE4(@0)
                 	.ENDM
                 
                 	.MACRO __ORD2N
                 	ORI  R26,LOW(@0)
                 	ORI  R27,HIGH(@0)
                 	ORI  R24,BYTE3(@0)
                 	ORI  R25,BYTE4(@0)
                 	.ENDM
                 
                 	.MACRO __DELAY_USB
                 	LDI  R24,LOW(@0)
                 __DELAY_USB_LOOP:
                 	DEC  R24
                 	BRNE __DELAY_USB_LOOP
                 	.ENDM
                 
                 	.MACRO __DELAY_USW
                 	LDI  R24,LOW(@0)
                 	LDI  R25,HIGH(@0)
                 __DELAY_USW_LOOP:
                 	SBIW R24,1
                 	BRNE __DELAY_USW_LOOP
                 	.ENDM
                 
                 	.MACRO __GETD1S
                 	LDD  R30,Y+@0
                 	LDD  R31,Y+@0+1
                 	LDD  R22,Y+@0+2
                 	LDD  R23,Y+@0+3
                 	.ENDM
                 
                 	.MACRO __GETD2S
                 	LDD  R26,Y+@0
                 	LDD  R27,Y+@0+1
                 	LDD  R24,Y+@0+2
                 	LDD  R25,Y+@0+3
                 	.ENDM
                 
                 	.MACRO __PUTD1S
                 	STD  Y+@0,R30
                 	STD  Y+@0+1,R31
                 	STD  Y+@0+2,R22
                 	STD  Y+@0+3,R23
                 	.ENDM
                 
                 	.MACRO __PUTD2S
                 	STD  Y+@0,R26
                 	STD  Y+@0+1,R27
                 	STD  Y+@0+2,R24
                 	STD  Y+@0+3,R25
                 	.ENDM
                 
                 	.MACRO __PUTDZ2
                 	STD  Z+@0,R26
                 	STD  Z+@0+1,R27
                 	STD  Z+@0+2,R24
                 	STD  Z+@0+3,R25
                 	.ENDM
                 
                 	.MACRO __CLRD1S
                 	STD  Y+@0,R30
                 	STD  Y+@0+1,R30
                 	STD  Y+@0+2,R30
                 	STD  Y+@0+3,R30
                 	.ENDM
                 
                 	.MACRO __POINTB1MN
                 	LDI  R30,LOW(@0+(@1))
                 	.ENDM
                 
                 	.MACRO __POINTW1MN
                 	LDI  R30,LOW(@0+(@1))
                 	LDI  R31,HIGH(@0+(@1))
                 	.ENDM
                 
                 	.MACRO __POINTD1M
                 	LDI  R30,LOW(@0)
                 	LDI  R31,HIGH(@0)
                 	LDI  R22,BYTE3(@0)
                 	LDI  R23,BYTE4(@0)
                 	.ENDM
                 
                 	.MACRO __POINTW1FN
                 	LDI  R30,LOW(2*@0+(@1))
                 	LDI  R31,HIGH(2*@0+(@1))
                 	.ENDM
                 
                 	.MACRO __POINTD1FN
                 	LDI  R30,LOW(2*@0+(@1))
                 	LDI  R31,HIGH(2*@0+(@1))
                 	LDI  R22,BYTE3(2*@0+(@1))
                 	LDI  R23,BYTE4(2*@0+(@1))
                 	.ENDM
                 
                 	.MACRO __POINTB2MN
                 	LDI  R26,LOW(@0+(@1))
                 	.ENDM
                 
                 	.MACRO __POINTW2MN
                 	LDI  R26,LOW(@0+(@1))
                 	LDI  R27,HIGH(@0+(@1))
                 	.ENDM
                 
                 	.MACRO __POINTW2FN
                 	LDI  R26,LOW(2*@0+(@1))
                 	LDI  R27,HIGH(2*@0+(@1))
                 	.ENDM
                 
                 	.MACRO __POINTD2FN
                 	LDI  R26,LOW(2*@0+(@1))
                 	LDI  R27,HIGH(2*@0+(@1))
                 	LDI  R24,BYTE3(2*@0+(@1))
                 	LDI  R25,BYTE4(2*@0+(@1))
                 	.ENDM
                 
                 	.MACRO __POINTBRM
                 	LDI  R@0,LOW(@1)
                 	.ENDM
                 
                 	.MACRO __POINTWRM
                 	LDI  R@0,LOW(@2)
                 	LDI  R@1,HIGH(@2)
                 	.ENDM
                 
                 	.MACRO __POINTBRMN
                 	LDI  R@0,LOW(@1+(@2))
                 	.ENDM
                 
                 	.MACRO __POINTWRMN
                 	LDI  R@0,LOW(@2+(@3))
                 	LDI  R@1,HIGH(@2+(@3))
                 	.ENDM
                 
                 	.MACRO __POINTWRFN
                 	LDI  R@0,LOW(@2*2+(@3))
                 	LDI  R@1,HIGH(@2*2+(@3))
                 	.ENDM
                 
                 	.MACRO __GETD1N
                 	LDI  R30,LOW(@0)
                 	LDI  R31,HIGH(@0)
                 	LDI  R22,BYTE3(@0)
                 	LDI  R23,BYTE4(@0)
                 	.ENDM
                 
                 	.MACRO __GETD2N
                 	LDI  R26,LOW(@0)
                 	LDI  R27,HIGH(@0)
                 	LDI  R24,BYTE3(@0)
                 	LDI  R25,BYTE4(@0)
                 	.ENDM
                 
                 	.MACRO __GETB1MN
                 	LDS  R30,@0+(@1)
                 	.ENDM
                 
                 	.MACRO __GETB1HMN
                 	LDS  R31,@0+(@1)
                 	.ENDM
                 
                 	.MACRO __GETW1MN
                 	LDS  R30,@0+(@1)
                 	LDS  R31,@0+(@1)+1
                 	.ENDM
                 
                 	.MACRO __GETD1MN
                 	LDS  R30,@0+(@1)
                 	LDS  R31,@0+(@1)+1
                 	LDS  R22,@0+(@1)+2
                 	LDS  R23,@0+(@1)+3
                 	.ENDM
                 
                 	.MACRO __GETBRMN
                 	LDS  R@0,@1+(@2)
                 	.ENDM
                 
                 	.MACRO __GETWRMN
                 	LDS  R@0,@2+(@3)
                 	LDS  R@1,@2+(@3)+1
                 	.ENDM
                 
                 	.MACRO __GETWRZ
                 	LDD  R@0,Z+@2
                 	LDD  R@1,Z+@2+1
                 	.ENDM
                 
                 	.MACRO __GETD2Z
                 	LDD  R26,Z+@0
                 	LDD  R27,Z+@0+1
                 	LDD  R24,Z+@0+2
                 	LDD  R25,Z+@0+3
                 	.ENDM
                 
                 	.MACRO __GETB2MN
                 	LDS  R26,@0+(@1)
                 	.ENDM
                 
                 	.MACRO __GETW2MN
                 	LDS  R26,@0+(@1)
                 	LDS  R27,@0+(@1)+1
                 	.ENDM
                 
                 	.MACRO __GETD2MN
                 	LDS  R26,@0+(@1)
                 	LDS  R27,@0+(@1)+1
                 	LDS  R24,@0+(@1)+2
                 	LDS  R25,@0+(@1)+3
                 	.ENDM
                 
                 	.MACRO __PUTB1MN
                 	STS  @0+(@1),R30
                 	.ENDM
                 
                 	.MACRO __PUTW1MN
                 	STS  @0+(@1),R30
                 	STS  @0+(@1)+1,R31
                 	.ENDM
                 
                 	.MACRO __PUTD1MN
                 	STS  @0+(@1),R30
                 	STS  @0+(@1)+1,R31
                 	STS  @0+(@1)+2,R22
                 	STS  @0+(@1)+3,R23
                 	.ENDM
                 
                 	.MACRO __PUTB1EN
                 	LDI  R26,LOW(@0+(@1))
                 	LDI  R27,HIGH(@0+(@1))
                 	CALL __EEPROMWRB
                 	.ENDM
                 
                 	.MACRO __PUTW1EN
                 	LDI  R26,LOW(@0+(@1))
                 	LDI  R27,HIGH(@0+(@1))
                 	CALL __EEPROMWRW
                 	.ENDM
                 
                 	.MACRO __PUTD1EN
                 	LDI  R26,LOW(@0+(@1))
                 	LDI  R27,HIGH(@0+(@1))
                 	CALL __EEPROMWRD
                 	.ENDM
                 
                 	.MACRO __PUTBR0MN
                 	STS  @0+(@1),R0
                 	.ENDM
                 
                 	.MACRO __PUTBMRN
                 	STS  @0+(@1),R@2
                 	.ENDM
                 
                 	.MACRO __PUTWMRN
                 	STS  @0+(@1),R@2
                 	STS  @0+(@1)+1,R@3
                 	.ENDM
                 
                 	.MACRO __PUTBZR
                 	STD  Z+@1,R@0
                 	.ENDM
                 
                 	.MACRO __PUTWZR
                 	STD  Z+@2,R@0
                 	STD  Z+@2+1,R@1
                 	.ENDM
                 
                 	.MACRO __GETW1R
                 	MOV  R30,R@0
                 	MOV  R31,R@1
                 	.ENDM
                 
                 	.MACRO __GETW2R
                 	MOV  R26,R@0
                 	MOV  R27,R@1
                 	.ENDM
                 
                 	.MACRO __GETWRN
                 	LDI  R@0,LOW(@2)
                 	LDI  R@1,HIGH(@2)
                 	.ENDM
                 
                 	.MACRO __PUTW1R
                 	MOV  R@0,R30
                 	MOV  R@1,R31
                 	.ENDM
                 
                 	.MACRO __PUTW2R
                 	MOV  R@0,R26
                 	MOV  R@1,R27
                 	.ENDM
                 
                 	.MACRO __ADDWRN
                 	SUBI R@0,LOW(-@2)
                 	SBCI R@1,HIGH(-@2)
                 	.ENDM
                 
                 	.MACRO __ADDWRR
                 	ADD  R@0,R@2
                 	ADC  R@1,R@3
                 	.ENDM
                 
                 	.MACRO __SUBWRN
                 	SUBI R@0,LOW(@2)
                 	SBCI R@1,HIGH(@2)
                 	.ENDM
                 
                 	.MACRO __SUBWRR
                 	SUB  R@0,R@2
                 	SBC  R@1,R@3
                 	.ENDM
                 
                 	.MACRO __ANDWRN
                 	ANDI R@0,LOW(@2)
                 	ANDI R@1,HIGH(@2)
                 	.ENDM
                 
                 	.MACRO __ANDWRR
                 	AND  R@0,R@2
                 	AND  R@1,R@3
                 	.ENDM
                 
                 	.MACRO __ORWRN
                 	ORI  R@0,LOW(@2)
                 	ORI  R@1,HIGH(@2)
                 	.ENDM
                 
                 	.MACRO __ORWRR
                 	OR   R@0,R@2
                 	OR   R@1,R@3
                 	.ENDM
                 
                 	.MACRO __EORWRR
                 	EOR  R@0,R@2
                 	EOR  R@1,R@3
                 	.ENDM
                 
                 	.MACRO __GETWRS
                 	LDD  R@0,Y+@2
                 	LDD  R@1,Y+@2+1
                 	.ENDM
                 
                 	.MACRO __PUTBSR
                 	STD  Y+@1,R@0
                 	.ENDM
                 
                 	.MACRO __PUTWSR
                 	STD  Y+@2,R@0
                 	STD  Y+@2+1,R@1
                 	.ENDM
                 
                 	.MACRO __MOVEWRR
                 	MOV  R@0,R@2
                 	MOV  R@1,R@3
                 	.ENDM
                 
                 	.MACRO __INWR
                 	IN   R@0,@2
                 	IN   R@1,@2+1
                 	.ENDM
                 
                 	.MACRO __OUTWR
                 	OUT  @2+1,R@1
                 	OUT  @2,R@0
                 	.ENDM
                 
                 	.MACRO __CALL1MN
                 	LDS  R30,@0+(@1)
                 	LDS  R31,@0+(@1)+1
                 	ICALL
                 	.ENDM
                 
                 	.MACRO __CALL1FN
                 	LDI  R30,LOW(2*@0+(@1))
                 	LDI  R31,HIGH(2*@0+(@1))
                 	CALL __GETW1PF
                 	ICALL
                 	.ENDM
                 
                 	.MACRO __CALL2EN
                 	PUSH R26
                 	PUSH R27
                 	LDI  R26,LOW(@0+(@1))
                 	LDI  R27,HIGH(@0+(@1))
                 	CALL __EEPROMRDW
                 	POP  R27
                 	POP  R26
                 	ICALL
                 	.ENDM
                 
                 	.MACRO __CALL2EX
                 	SUBI R26,LOW(-@0)
                 	SBCI R27,HIGH(-@0)
                 	CALL __EEPROMRDD
                 	ICALL
                 	.ENDM
                 
                 	.MACRO __GETW1STACK
                 	IN   R30,SPL
                 	IN   R31,SPH
                 	ADIW R30,@0+1
                 	LD   R0,Z+
                 	LD   R31,Z
                 	MOV  R30,R0
                 	.ENDM
                 
                 	.MACRO __GETD1STACK
                 	IN   R30,SPL
                 	IN   R31,SPH
                 	ADIW R30,@0+1
                 	LD   R0,Z+
                 	LD   R1,Z+
                 	LD   R22,Z
                 	MOVW R30,R0
                 	.ENDM
                 
                 	.MACRO __NBST
                 	BST  R@0,@1
                 	IN   R30,SREG
                 	LDI  R31,0x40
                 	EOR  R30,R31
                 	OUT  SREG,R30
                 	.ENDM
                 
                 
                 	.MACRO __PUTB1SN
                 	LDD  R26,Y+@0
                 	LDD  R27,Y+@0+1
                 	SUBI R26,LOW(-@1)
                 	SBCI R27,HIGH(-@1)
                 	ST   X,R30
                 	.ENDM
                 
                 	.MACRO __PUTW1SN
                 	LDD  R26,Y+@0
                 	LDD  R27,Y+@0+1
                 	SUBI R26,LOW(-@1)
                 	SBCI R27,HIGH(-@1)
                 	ST   X+,R30
                 	ST   X,R31
                 	.ENDM
                 
                 	.MACRO __PUTD1SN
                 	LDD  R26,Y+@0
                 	LDD  R27,Y+@0+1
                 	SUBI R26,LOW(-@1)
                 	SBCI R27,HIGH(-@1)
                 	CALL __PUTDP1
                 	.ENDM
                 
                 	.MACRO __PUTB1SNS
                 	LDD  R26,Y+@0
                 	LDD  R27,Y+@0+1
                 	ADIW R26,@1
                 	ST   X,R30
                 	.ENDM
                 
                 	.MACRO __PUTW1SNS
                 	LDD  R26,Y+@0
                 	LDD  R27,Y+@0+1
                 	ADIW R26,@1
                 	ST   X+,R30
                 	ST   X,R31
                 	.ENDM
                 
                 	.MACRO __PUTD1SNS
                 	LDD  R26,Y+@0
                 	LDD  R27,Y+@0+1
                 	ADIW R26,@1
                 	CALL __PUTDP1
                 	.ENDM
                 
                 	.MACRO __PUTB1PMN
                 	LDS  R26,@0
                 	LDS  R27,@0+1
                 	SUBI R26,LOW(-@1)
                 	SBCI R27,HIGH(-@1)
                 	ST   X,R30
                 	.ENDM
                 
                 	.MACRO __PUTW1PMN
                 	LDS  R26,@0
                 	LDS  R27,@0+1
                 	SUBI R26,LOW(-@1)
                 	SBCI R27,HIGH(-@1)
                 	ST   X+,R30
                 	ST   X,R31
                 	.ENDM
                 
                 	.MACRO __PUTD1PMN
                 	LDS  R26,@0
                 	LDS  R27,@0+1
                 	SUBI R26,LOW(-@1)
                 	SBCI R27,HIGH(-@1)
                 	CALL __PUTDP1
                 	.ENDM
                 
                 	.MACRO __PUTB1PMNS
                 	LDS  R26,@0
                 	LDS  R27,@0+1
                 	ADIW R26,@1
                 	ST   X,R30
                 	.ENDM
                 
                 	.MACRO __PUTW1PMNS
                 	LDS  R26,@0
                 	LDS  R27,@0+1
                 	ADIW R26,@1
                 	ST   X+,R30
                 	ST   X,R31
                 	.ENDM
                 
                 	.MACRO __PUTD1PMNS
                 	LDS  R26,@0
                 	LDS  R27,@0+1
                 	ADIW R26,@1
                 	CALL __PUTDP1
                 	.ENDM
                 
                 	.MACRO __PUTB1RN
                 	MOVW R26,R@0
                 	SUBI R26,LOW(-@1)
                 	SBCI R27,HIGH(-@1)
                 	ST   X,R30
                 	.ENDM
                 
                 	.MACRO __PUTW1RN
                 	MOVW R26,R@0
                 	SUBI R26,LOW(-@1)
                 	SBCI R27,HIGH(-@1)
                 	ST   X+,R30
                 	ST   X,R31
                 	.ENDM
                 
                 	.MACRO __PUTD1RN
                 	MOVW R26,R@0
                 	SUBI R26,LOW(-@1)
                 	SBCI R27,HIGH(-@1)
                 	CALL __PUTDP1
                 	.ENDM
                 
                 	.MACRO __PUTB1RNS
                 	MOVW R26,R@0
                 	ADIW R26,@1
                 	ST   X,R30
                 	.ENDM
                 
                 	.MACRO __PUTW1RNS
                 	MOVW R26,R@0
                 	ADIW R26,@1
                 	ST   X+,R30
                 	ST   X,R31
                 	.ENDM
                 
                 	.MACRO __PUTD1RNS
                 	MOVW R26,R@0
                 	ADIW R26,@1
                 	CALL __PUTDP1
                 	.ENDM
                 
                 	.MACRO __PUTB1RON
                 	MOV  R26,R@0
                 	MOV  R27,R@1
                 	SUBI R26,LOW(-@2)
                 	SBCI R27,HIGH(-@2)
                 	ST   X,R30
                 	.ENDM
                 
                 	.MACRO __PUTW1RON
                 	MOV  R26,R@0
                 	MOV  R27,R@1
                 	SUBI R26,LOW(-@2)
                 	SBCI R27,HIGH(-@2)
                 	ST   X+,R30
                 	ST   X,R31
                 	.ENDM
                 
                 	.MACRO __PUTD1RON
                 	MOV  R26,R@0
                 	MOV  R27,R@1
                 	SUBI R26,LOW(-@2)
                 	SBCI R27,HIGH(-@2)
                 	CALL __PUTDP1
                 	.ENDM
                 
                 	.MACRO __PUTB1RONS
                 	MOV  R26,R@0
                 	MOV  R27,R@1
                 	ADIW R26,@2
                 	ST   X,R30
                 	.ENDM
                 
                 	.MACRO __PUTW1RONS
                 	MOV  R26,R@0
                 	MOV  R27,R@1
                 	ADIW R26,@2
                 	ST   X+,R30
                 	ST   X,R31
                 	.ENDM
                 
                 	.MACRO __PUTD1RONS
                 	MOV  R26,R@0
                 	MOV  R27,R@1
                 	ADIW R26,@2
                 	CALL __PUTDP1
                 	.ENDM
                 
                 
                 	.MACRO __GETB1SX
                 	MOVW R30,R28
                 	SUBI R30,LOW(-@0)
                 	SBCI R31,HIGH(-@0)
                 	LD   R30,Z
                 	.ENDM
                 
                 	.MACRO __GETB1HSX
                 	MOVW R30,R28
                 	SUBI R30,LOW(-@0)
                 	SBCI R31,HIGH(-@0)
                 	LD   R31,Z
                 	.ENDM
                 
                 	.MACRO __GETW1SX
                 	MOVW R30,R28
                 	SUBI R30,LOW(-@0)
                 	SBCI R31,HIGH(-@0)
                 	LD   R0,Z+
                 	LD   R31,Z
                 	MOV  R30,R0
                 	.ENDM
                 
                 	.MACRO __GETD1SX
                 	MOVW R30,R28
                 	SUBI R30,LOW(-@0)
                 	SBCI R31,HIGH(-@0)
                 	LD   R0,Z+
                 	LD   R1,Z+
                 	LD   R22,Z+
                 	LD   R23,Z
                 	MOVW R30,R0
                 	.ENDM
                 
                 	.MACRO __GETB2SX
                 	MOVW R26,R28
                 	SUBI R26,LOW(-@0)
                 	SBCI R27,HIGH(-@0)
                 	LD   R26,X
                 	.ENDM
                 
                 	.MACRO __GETW2SX
                 	MOVW R26,R28
                 	SUBI R26,LOW(-@0)
                 	SBCI R27,HIGH(-@0)
                 	LD   R0,X+
                 	LD   R27,X
                 	MOV  R26,R0
                 	.ENDM
                 
                 	.MACRO __GETD2SX
                 	MOVW R26,R28
                 	SUBI R26,LOW(-@0)
                 	SBCI R27,HIGH(-@0)
                 	LD   R0,X+
                 	LD   R1,X+
                 	LD   R24,X+
                 	LD   R25,X
                 	MOVW R26,R0
                 	.ENDM
                 
                 	.MACRO __GETBRSX
                 	MOVW R30,R28
                 	SUBI R30,LOW(-@1)
                 	SBCI R31,HIGH(-@1)
                 	LD   R@0,Z
                 	.ENDM
                 
                 	.MACRO __GETWRSX
                 	MOVW R30,R28
                 	SUBI R30,LOW(-@2)
                 	SBCI R31,HIGH(-@2)
                 	LD   R@0,Z+
                 	LD   R@1,Z
                 	.ENDM
                 
                 	.MACRO __GETBRSX2
                 	MOVW R26,R28
                 	SUBI R26,LOW(-@1)
                 	SBCI R27,HIGH(-@1)
                 	LD   R@0,X
                 	.ENDM
                 
                 	.MACRO __GETWRSX2
                 	MOVW R26,R28
                 	SUBI R26,LOW(-@2)
                 	SBCI R27,HIGH(-@2)
                 	LD   R@0,X+
                 	LD   R@1,X
                 	.ENDM
                 
                 	.MACRO __LSLW8SX
                 	MOVW R30,R28
                 	SUBI R30,LOW(-@0)
                 	SBCI R31,HIGH(-@0)
                 	LD   R31,Z
                 	CLR  R30
                 	.ENDM
                 
                 	.MACRO __PUTB1SX
                 	MOVW R26,R28
                 	SUBI R26,LOW(-@0)
                 	SBCI R27,HIGH(-@0)
                 	ST   X,R30
                 	.ENDM
                 
                 	.MACRO __PUTW1SX
                 	MOVW R26,R28
                 	SUBI R26,LOW(-@0)
                 	SBCI R27,HIGH(-@0)
                 	ST   X+,R30
                 	ST   X,R31
                 	.ENDM
                 
                 	.MACRO __PUTD1SX
                 	MOVW R26,R28
                 	SUBI R26,LOW(-@0)
                 	SBCI R27,HIGH(-@0)
                 	ST   X+,R30
                 	ST   X+,R31
                 	ST   X+,R22
                 	ST   X,R23
                 	.ENDM
                 
                 	.MACRO __CLRW1SX
                 	MOVW R26,R28
                 	SUBI R26,LOW(-@0)
                 	SBCI R27,HIGH(-@0)
                 	ST   X+,R30
                 	ST   X,R30
                 	.ENDM
                 
                 	.MACRO __CLRD1SX
                 	MOVW R26,R28
                 	SUBI R26,LOW(-@0)
                 	SBCI R27,HIGH(-@0)
                 	ST   X+,R30
                 	ST   X+,R30
                 	ST   X+,R30
                 	ST   X,R30
                 	.ENDM
                 
                 	.MACRO __PUTB2SX
                 	MOVW R30,R28
                 	SUBI R30,LOW(-@0)
                 	SBCI R31,HIGH(-@0)
                 	ST   Z,R26
                 	.ENDM
                 
                 	.MACRO __PUTW2SX
                 	MOVW R30,R28
                 	SUBI R30,LOW(-@0)
                 	SBCI R31,HIGH(-@0)
                 	ST   Z+,R26
                 	ST   Z,R27
                 	.ENDM
                 
                 	.MACRO __PUTD2SX
                 	MOVW R30,R28
                 	SUBI R30,LOW(-@0)
                 	SBCI R31,HIGH(-@0)
                 	ST   Z+,R26
                 	ST   Z+,R27
                 	ST   Z+,R24
                 	ST   Z,R25
                 	.ENDM
                 
                 	.MACRO __PUTBSRX
                 	MOVW R30,R28
                 	SUBI R30,LOW(-@1)
                 	SBCI R31,HIGH(-@1)
                 	ST   Z,R@0
                 	.ENDM
                 
                 	.MACRO __PUTWSRX
                 	MOVW R30,R28
                 	SUBI R30,LOW(-@2)
                 	SBCI R31,HIGH(-@2)
                 	ST   Z+,R@0
                 	ST   Z,R@1
                 	.ENDM
                 
                 	.MACRO __PUTB1SNX
                 	MOVW R26,R28
                 	SUBI R26,LOW(-@0)
                 	SBCI R27,HIGH(-@0)
                 	LD   R0,X+
                 	LD   R27,X
                 	MOV  R26,R0
                 	SUBI R26,LOW(-@1)
                 	SBCI R27,HIGH(-@1)
                 	ST   X,R30
                 	.ENDM
                 
                 	.MACRO __PUTW1SNX
                 	MOVW R26,R28
                 	SUBI R26,LOW(-@0)
                 	SBCI R27,HIGH(-@0)
                 	LD   R0,X+
                 	LD   R27,X
                 	MOV  R26,R0
                 	SUBI R26,LOW(-@1)
                 	SBCI R27,HIGH(-@1)
                 	ST   X+,R30
                 	ST   X,R31
                 	.ENDM
                 
                 	.MACRO __PUTD1SNX
                 	MOVW R26,R28
                 	SUBI R26,LOW(-@0)
                 	SBCI R27,HIGH(-@0)
                 	LD   R0,X+
                 	LD   R27,X
                 	MOV  R26,R0
                 	SUBI R26,LOW(-@1)
                 	SBCI R27,HIGH(-@1)
                 	ST   X+,R30
                 	ST   X+,R31
                 	ST   X+,R22
                 	ST   X,R23
                 	.ENDM
                 
                 	.MACRO __MULBRR
                 	MULS R@0,R@1
                 	MOVW R30,R0
                 	.ENDM
                 
                 	.MACRO __MULBRRU
                 	MUL  R@0,R@1
                 	MOVW R30,R0
                 	.ENDM
                 
                 	.MACRO __MULBRR0
                 	MULS R@0,R@1
                 	.ENDM
                 
                 	.MACRO __MULBRRU0
                 	MUL  R@0,R@1
                 	.ENDM
                 
                 	.MACRO __MULBNWRU
                 	LDI  R26,@2
                 	MUL  R26,R@0
                 	MOVW R30,R0
                 	MUL  R26,R@1
                 	ADD  R31,R0
                 	.ENDM
                 
                 ;NAME DEFINITIONS FOR GLOBAL VARIABLES ALLOCATED TO REGISTERS
                 	.DEF _ov_counter=R4
                 	.DEF _ov_counter_msb=R5
                 	.DEF _i=R6
                 	.DEF _i_msb=R7
                 	.DEF _start_edge=R8
                 	.DEF _start_edge_msb=R9
                 	.DEF _end_edge=R10
                 	.DEF _end_edge_msb=R11
                 	.DEF _clocks=R12
                 	.DEF _clocks_msb=R13
                 
                 	.CSEG
                 	.ORG 0x00
                 
                 ;START OF CODE MARKER
                 __START_OF_CODE:
                 
                 ;INTERRUPT VECTORS
000000 940c 003b 	JMP  __RESET
000002 940c 0000 	JMP  0x00
000004 940c 0000 	JMP  0x00
000006 940c 0000 	JMP  0x00
000008 940c 0000 	JMP  0x00
00000a 940c 0074 	JMP  _timer1_capt_isr
00000c 940c 0000 	JMP  0x00
00000e 940c 0000 	JMP  0x00
000010 940c 0068 	JMP  _timer1_ovf_isr
000012 940c 0000 	JMP  0x00
000014 940c 0000 	JMP  0x00
000016 940c 0000 	JMP  0x00
000018 940c 0000 	JMP  0x00
00001a 940c 0000 	JMP  0x00
00001c 940c 0000 	JMP  0x00
00001e 940c 0000 	JMP  0x00
000020 940c 0000 	JMP  0x00
000022 940c 0000 	JMP  0x00
000024 940c 0000 	JMP  0x00
000026 940c 0000 	JMP  0x00
000028 940c 0000 	JMP  0x00
                 
                 _tbl10_G100:
00002a 2710
00002b 03e8
00002c 0064
00002d 000a      	.DB  0x10,0x27,0xE8,0x3,0x64,0x0,0xA,0x0
00002e 0001      	.DB  0x1,0x0
                 _tbl16_G100:
00002f 1000
000030 0100
000031 0010
000032 0001      	.DB  0x0,0x10,0x0,0x1,0x10,0x0,0x1,0x0
                 
                 ;GLOBAL REGISTER VARIABLES INITIALIZATION
                 __REG_VARS:
000033 0000      	.DB  0x0,0x0
                 
                 _0x0:
000034 6425
000035 4820
000036 007a      	.DB  0x25,0x64,0x20,0x48,0x7A,0x0
                 
                 __GLOBAL_INI_TBL:
000037 0002      	.DW  0x02
000038 0006      	.DW  0x06
000039 0066      	.DW  __REG_VARS*2
                 
                 _0xFFFFFFFF:
00003a 0000      	.DW  0
                 
                 #define __GLOBAL_INI_TBL_PRESENT 1
                 
                 __RESET:
00003b 94f8      	CLI
00003c 27ee      	CLR  R30
00003d bbec      	OUT  EECR,R30
                 
                 ;INTERRUPT VECTORS ARE PLACED
                 ;AT THE START OF FLASH
00003e e0f1      	LDI  R31,1
00003f bffb      	OUT  GICR,R31
000040 bfeb      	OUT  GICR,R30
000041 bfe5      	OUT  MCUCR,R30
                 
                 ;CLEAR R2-R14
000042 e08d      	LDI  R24,(14-2)+1
000043 e0a2      	LDI  R26,2
000044 27bb      	CLR  R27
                 __CLEAR_REG:
000045 93ed      	ST   X+,R30
000046 958a      	DEC  R24
000047 f7e9      	BRNE __CLEAR_REG
                 
                 ;CLEAR SRAM
000048 e080      	LDI  R24,LOW(__CLEAR_SRAM_SIZE)
000049 e094      	LDI  R25,HIGH(__CLEAR_SRAM_SIZE)
00004a e6a0      	LDI  R26,__SRAM_START
                 __CLEAR_SRAM:
00004b 93ed      	ST   X+,R30
00004c 9701      	SBIW R24,1
00004d f7e9      	BRNE __CLEAR_SRAM
                 
                 ;GLOBAL VARIABLES INITIALIZATION
00004e e6ee      	LDI  R30,LOW(__GLOBAL_INI_TBL*2)
00004f e0f0      	LDI  R31,HIGH(__GLOBAL_INI_TBL*2)
                 __GLOBAL_INI_NEXT:
000050 9185      	LPM  R24,Z+
000051 9195      	LPM  R25,Z+
000052 9700      	SBIW R24,0
000053 f061      	BREQ __GLOBAL_INI_END
000054 91a5      	LPM  R26,Z+
000055 91b5      	LPM  R27,Z+
000056 9005      	LPM  R0,Z+
000057 9015      	LPM  R1,Z+
000058 01bf      	MOVW R22,R30
000059 01f0      	MOVW R30,R0
                 __GLOBAL_INI_LOOP:
00005a 9005      	LPM  R0,Z+
00005b 920d      	ST   X+,R0
00005c 9701      	SBIW R24,1
00005d f7e1      	BRNE __GLOBAL_INI_LOOP
00005e 01fb      	MOVW R30,R22
00005f cff0      	RJMP __GLOBAL_INI_NEXT
                 __GLOBAL_INI_END:
                 
                 ;HARDWARE STACK POINTER INITIALIZATION
000060 e5ef      	LDI  R30,LOW(__SRAM_END-__HEAP_SIZE)
000061 bfed      	OUT  SPL,R30
000062 e0e4      	LDI  R30,HIGH(__SRAM_END-__HEAP_SIZE)
000063 bfee      	OUT  SPH,R30
                 
                 ;DATA STACK POINTER INITIALIZATION
000064 e6c0      	LDI  R28,LOW(__SRAM_START+__DSTACK_SIZE)
000065 e0d1      	LDI  R29,HIGH(__SRAM_START+__DSTACK_SIZE)
                 
000066 940c 00d7 	JMP  _main
                 
                 	.ESEG
                 	.ORG 0
                 
                 	.DSEG
                 	.ORG 0x160
                 
                 	.CSEG
                 ;/*******************************************************
                 ;This program was created by the
                 ;CodeWizardAVR V3.12 Advanced
                 ;Automatic Program Generator
                 ;© Copyright 1998-2014 Pavel Haiduc, HP InfoTech s.r.l.
                 ;http://www.hpinfotech.com
                 ;
                 ;Project :
                 ;Version :
                 ;Date    : 12/28/2020
                 ;Author  : zahra
                 ;Company :
                 ;Comments:
                 ;
                 ;
                 ;Chip type               : ATmega16
                 ;Program type            : Application
                 ;AVR Core Clock frequency: 8.000000 MHz
                 ;Memory model            : Small
                 ;External RAM size       : 0
                 ;Data Stack size         : 256
                 ;*******************************************************/
                 ;
                 ;#include <mega16.h>
                 	#ifndef __SLEEP_DEFINED__
                 	#define __SLEEP_DEFINED__
                 	.EQU __se_bit=0x40
                 	.EQU __sm_mask=0xB0
                 	.EQU __sm_powerdown=0x20
                 	.EQU __sm_powersave=0x30
                 	.EQU __sm_standby=0xA0
                 	.EQU __sm_ext_standby=0xB0
                 	.EQU __sm_adc_noise_red=0x10
                 	.SET power_ctrl_reg=mcucr
                 	#endif
                 ;#include <stdio.h>
                 ;#include <delay.h>
                 ;
                 ;#define F_CPU 8000000UL  //CPU Frequency 8MHz
                 ;#define RS 0             //RS=0
                 ;#define EN 1             //EN=1
                 ;
                 ;int ov_counter;
                 ;int i = 0;
                 ;unsigned int start_edge, end_edge;
                 ;unsigned int clocks,period_out;
                 ;char frequency[10];
                 ;
                 ;void lcd_comm(char);
                 ;void lcd_data(char);
                 ;void lcd_init(void);
                 ;void lcd_clear(void);
                 ;
                 ;interrupt [TIM1_OVF] void timer1_ovf_isr(void){   // Timer1 overflow ISR
                 ; 0000 002B interrupt [9] void timer1_ovf_isr(void){
                 
                 	.CSEG
                 _timer1_ovf_isr:
                 ; .FSTART _timer1_ovf_isr
000068 93ea      	ST   -Y,R30
000069 93fa      	ST   -Y,R31
00006a b7ef      	IN   R30,SREG
00006b 93ea      	ST   -Y,R30
                 ; 0000 002C 
                 ; 0000 002D      ++ov_counter;
00006c 01f2      	MOVW R30,R4
00006d 9631      	ADIW R30,1
00006e 012f      	MOVW R4,R30
                 ; 0000 002E }
00006f 91e9      	LD   R30,Y+
000070 bfef      	OUT  SREG,R30
000071 91f9      	LD   R31,Y+
000072 91e9      	LD   R30,Y+
000073 9518      	RETI
                 ; .FEND
                 ;
                 ;interrupt [TIM1_CAPT] void timer1_capt_isr(void){  //Timer1 input capture ISR
                 ; 0000 0030 interrupt [6] void timer1_capt_isr(void){
                 _timer1_capt_isr:
                 ; .FSTART _timer1_capt_isr
000074 920a      	ST   -Y,R0
000075 921a      	ST   -Y,R1
000076 92fa      	ST   -Y,R15
000077 936a      	ST   -Y,R22
000078 937a      	ST   -Y,R23
000079 938a      	ST   -Y,R24
00007a 939a      	ST   -Y,R25
00007b 93aa      	ST   -Y,R26
00007c 93ba      	ST   -Y,R27
00007d 93ea      	ST   -Y,R30
00007e 93fa      	ST   -Y,R31
00007f b7ef      	IN   R30,SREG
000080 93ea      	ST   -Y,R30
                 ; 0000 0031 
                 ; 0000 0032       //combine two 8bit capture register into the 16 bit count
                 ; 0000 0033       end_edge = 256 * ICR1H + ICR1L + ov_counter * 65536;
000081 b5e7      	IN   R30,0x27
000082 2ffe      	MOV  R31,R30
000083 e0e0      	LDI  R30,0
000084 01df      	MOVW R26,R30
000085 b5e6      	IN   R30,0x26
000086 e0f0      	LDI  R31,0
000087 0fae      	ADD  R26,R30
000088 1fbf      	ADC  R27,R31
000089 01f2      	MOVW R30,R4
00008a e0e0      	LDI  R30,LOW(0)
00008b e0f0      	LDI  R31,HIGH(0)
00008c 0fea      	ADD  R30,R26
00008d 1ffb      	ADC  R31,R27
00008e 015f      	MOVW R10,R30
                 ; 0000 0034       clocks =(unsigned long)end_edge + ((unsigned long)ov_counter *65536) - (unsigned long)start_edge;
00008f 01f2      	MOVW R30,R4
000090 e0e0      	LDI  R30,LOW(0)
000091 e0f0      	LDI  R31,HIGH(0)
000092 0dea      	ADD  R30,R10
000093 1dfb      	ADC  R31,R11
000094 19e8      	SUB  R30,R8
000095 09f9      	SBC  R31,R9
000096 016f      	MOVW R12,R30
                 ; 0000 0035 
                 ; 0000 0036       period_out = (clocks/750) ;  //output ms
000097 01d6      	MOVW R26,R12
000098 eeee      	LDI  R30,LOW(750)
000099 e0f2      	LDI  R31,HIGH(750)
00009a 940e 02ff 	CALL __DIVW21U
00009c 93e0 0160 	STS  _period_out,R30
00009e 93f0 0161 	STS  _period_out+1,R31
                 ; 0000 0037 
                 ; 0000 0038       ov_counter = 0;   //clear overflow
0000a0 2444      	CLR  R4
0000a1 2455      	CLR  R5
                 ; 0000 0039       start_edge = end_edge;   //save end time to use as start edge
0000a2 0145      	MOVW R8,R10
                 ; 0000 003A 
                 ; 0000 003B       sprintf(frequency,"%d Hz", period_out);
0000a3 e6e2      	LDI  R30,LOW(_frequency)
0000a4 e0f1      	LDI  R31,HIGH(_frequency)
0000a5 93fa      	ST   -Y,R31
0000a6 93ea      	ST   -Y,R30
                +
0000a7 e6e8     +LDI R30 , LOW ( 2 * _0x0 + ( 0 ) )
0000a8 e0f0     +LDI R31 , HIGH ( 2 * _0x0 + ( 0 ) )
                 	__POINTW1FN _0x0,0
0000a9 93fa      	ST   -Y,R31
0000aa 93ea      	ST   -Y,R30
0000ab 91e0 0160 	LDS  R30,_period_out
0000ad 91f0 0161 	LDS  R31,_period_out+1
0000af 2766      	CLR  R22
0000b0 2777      	CLR  R23
0000b1 940e 031a 	CALL __PUTPARD1
0000b3 e084      	LDI  R24,4
0000b4 940e 0274 	CALL _sprintf
0000b6 9628      	ADIW R28,8
                 ; 0000 003C       lcd_init();    //initialize LCD
0000b7 d039      	RCALL _lcd_init
                 ; 0000 003D 
                 ; 0000 003E      //adding data
                 ; 0000 003F       for(i=0 ; i<6 ; i++){
0000b8 2466      	CLR  R6
0000b9 2477      	CLR  R7
                 _0x4:
0000ba e0e6      	LDI  R30,LOW(6)
0000bb e0f0      	LDI  R31,HIGH(6)
0000bc 166e      	CP   R6,R30
0000bd 067f      	CPC  R7,R31
0000be f454      	BRGE _0x5
                 ; 0000 0040 
                 ; 0000 0041            lcd_data(frequency[i]);
0000bf e6a2      	LDI  R26,LOW(_frequency)
0000c0 e0b1      	LDI  R27,HIGH(_frequency)
0000c1 0da6      	ADD  R26,R6
0000c2 1db7      	ADC  R27,R7
0000c3 91ac      	LD   R26,X
0000c4 d020      	RCALL _lcd_data
                 ; 0000 0042 
                 ; 0000 0043       }
0000c5 01f3      	MOVW R30,R6
0000c6 9631      	ADIW R30,1
0000c7 013f      	MOVW R6,R30
0000c8 cff1      	RJMP _0x4
                 _0x5:
                 ; 0000 0044 
                 ; 0000 0045 }
0000c9 91e9      	LD   R30,Y+
0000ca bfef      	OUT  SREG,R30
0000cb 91f9      	LD   R31,Y+
0000cc 91e9      	LD   R30,Y+
0000cd 91b9      	LD   R27,Y+
0000ce 91a9      	LD   R26,Y+
0000cf 9199      	LD   R25,Y+
0000d0 9189      	LD   R24,Y+
0000d1 9179      	LD   R23,Y+
0000d2 9169      	LD   R22,Y+
0000d3 90f9      	LD   R15,Y+
0000d4 9019      	LD   R1,Y+
0000d5 9009      	LD   R0,Y+
0000d6 9518      	RETI
                 ; .FEND
                 ;
                 ;void main(void)
                 ; 0000 0048 {
                 _main:
                 ; .FSTART _main
                 ; 0000 0049 
                 ; 0000 004A TCCR1A = 0x00;
0000d7 e0e0      	LDI  R30,LOW(0)
0000d8 bdef      	OUT  0x2F,R30
                 ; 0000 004B TCCR1B = 0xC2; //enable input capture mode / prescaler 8
0000d9 ece2      	LDI  R30,LOW(194)
0000da bdee      	OUT  0x2E,R30
                 ; 0000 004C 
                 ; 0000 004D TIMSK = 0x24;  //unmask timer1 overflow and capture interrupts
0000db e2e4      	LDI  R30,LOW(36)
0000dc bfe9      	OUT  0x39,R30
                 ; 0000 004E 
                 ; 0000 004F #asm("sei")    // Enable global interrupts
0000dd 9478      	sei
                 ; 0000 0050 
                 ; 0000 0051 while (1)
                 _0x6:
                 ; 0000 0052       {
                 ; 0000 0053        ;   //do nothing
                 ; 0000 0054 
                 ; 0000 0055       }
0000de cfff      	RJMP _0x6
                 ; 0000 0056 }
                 _0x9:
0000df cfff      	RJMP _0x9
                 ; .FEND
                 ;
                 ;void lcd_comm(char x){
                 ; 0000 0058 void lcd_comm(char x){
                 _lcd_comm:
                 ; .FSTART _lcd_comm
                 ; 0000 0059 
                 ; 0000 005A     PORTB = x;
0000e0 93aa      	ST   -Y,R26
                 ;	x -> Y+0
0000e1 81e8      	LD   R30,Y
0000e2 bbe8      	OUT  0x18,R30
                 ; 0000 005B     PORTA &= ~(1<<RS);  //RS=0 command reg.
0000e3 98d8      	CBI  0x1B,0
                 ; 0000 005C     PORTA |= 1<<EN;     //Enable Pulse
0000e4 c004      	RJMP _0x2060002
                 ; 0000 005D     delay_ms(30);
                 ; 0000 005E     PORTA &= ~(1<<EN);  //Disable Pulse
                 ; 0000 005F 
                 ; 0000 0060 }
                 ; .FEND
                 ;
                 ;void lcd_data(char x){
                 ; 0000 0062 void lcd_data(char x){
                 _lcd_data:
                 ; .FSTART _lcd_data
                 ; 0000 0063 
                 ; 0000 0064     PORTB = x;
0000e5 93aa      	ST   -Y,R26
                 ;	x -> Y+0
0000e6 81e8      	LD   R30,Y
0000e7 bbe8      	OUT  0x18,R30
                 ; 0000 0065     PORTA |= 1<<RS;    //RS=1 Data reg.
0000e8 9ad8      	SBI  0x1B,0
                 ; 0000 0066     PORTA |= 1<<EN;    //Enable Pulse
                 _0x2060002:
0000e9 9ad9      	SBI  0x1B,1
                 ; 0000 0067     delay_ms(30);
0000ea e1ae      	LDI  R26,LOW(30)
0000eb e0b0      	LDI  R27,0
0000ec 940e 02ed 	CALL _delay_ms
                 ; 0000 0068     PORTA &= ~(1<<EN); //Disable Pulse
0000ee 98d9      	CBI  0x1B,1
                 ; 0000 0069 
                 ; 0000 006A }
0000ef 9621      	ADIW R28,1
0000f0 9508      	RET
                 ; .FEND
                 ;
                 ;void lcd_clear()
                 ; 0000 006D {
                 ; 0000 006E 	lcd_comm(0x01);		/* clear display */
                 ; 0000 006F 	lcd_comm(0x80);		/* cursor at home position */
                 ; 0000 0070 }
                 ;
                 ;void lcd_init(void){
                 ; 0000 0072 void lcd_init(void){
                 _lcd_init:
                 ; .FSTART _lcd_init
                 ; 0000 0073 
                 ; 0000 0074     DDRA = 0x03;      //PORTA initialization
0000f1 e0e3      	LDI  R30,LOW(3)
0000f2 bbea      	OUT  0x1A,R30
                 ; 0000 0075     DDRB = 0xFF;      //PORTB initialization
0000f3 efef      	LDI  R30,LOW(255)
0000f4 bbe7      	OUT  0x17,R30
                 ; 0000 0076 
                 ; 0000 0077     lcd_comm(0x38);   //initialization of 16X2 LCD in 8bit mode
0000f5 e3a8      	LDI  R26,LOW(56)
0000f6 dfe9      	RCALL _lcd_comm
                 ; 0000 0078     lcd_comm(0x06);   //auto Increment cursor
0000f7 e0a6      	LDI  R26,LOW(6)
0000f8 dfe7      	RCALL _lcd_comm
                 ; 0000 0079     lcd_comm(0x0D);   //Display ON Cursor ON
0000f9 e0ad      	LDI  R26,LOW(13)
0000fa dfe5      	RCALL _lcd_comm
                 ; 0000 007A     lcd_comm(0x01);   //clear display
0000fb e0a1      	LDI  R26,LOW(1)
0000fc dfe3      	RCALL _lcd_comm
                 ; 0000 007B     lcd_comm(0x80);   //cursor at home position
0000fd e8a0      	LDI  R26,LOW(128)
0000fe dfe1      	RCALL _lcd_comm
                 ; 0000 007C 
                 ; 0000 007D }
0000ff 9508      	RET
                 ; .FEND
                 	#ifndef __SLEEP_DEFINED__
                 	#endif
                 
                 	.CSEG
                 _put_buff_G100:
                 ; .FSTART _put_buff_G100
000100 93ba      	ST   -Y,R27
000101 93aa      	ST   -Y,R26
000102 931a      	ST   -Y,R17
000103 930a      	ST   -Y,R16
000104 81aa      	LDD  R26,Y+2
000105 81bb      	LDD  R27,Y+2+1
000106 9612      	ADIW R26,2
000107 940e 0312 	CALL __GETW1P
000109 9730      	SBIW R30,0
00010a f159      	BREQ _0x2000010
00010b 81aa      	LDD  R26,Y+2
00010c 81bb      	LDD  R27,Y+2+1
00010d 9614      	ADIW R26,4
00010e 940e 0312 	CALL __GETW1P
000110 018f      	MOVW R16,R30
000111 9730      	SBIW R30,0
000112 f061      	BREQ _0x2000012
                +
000113 3002     +CPI R16 , LOW ( 2 )
000114 e0e0     +LDI R30 , HIGH ( 2 )
000115 071e     +CPC R17 , R30
                 	__CPWRN 16,17,2
000116 f098      	BRLO _0x2000013
000117 01f8      	MOVW R30,R16
000118 9731      	SBIW R30,1
000119 018f      	MOVW R16,R30
                +
00011a 81aa     +LDD R26 , Y + 2
00011b 81bb     +LDD R27 , Y + 2 + 1
00011c 9614     +ADIW R26 , 4
00011d 93ed     +ST X + , R30
00011e 93fc     +ST X , R31
                 	__PUTW1SNS 2,4
                 _0x2000012:
00011f 81aa      	LDD  R26,Y+2
000120 81bb      	LDD  R27,Y+2+1
000121 9612      	ADIW R26,2
000122 91ed      	LD   R30,X+
000123 91fd      	LD   R31,X+
000124 9631      	ADIW R30,1
000125 93fe      	ST   -X,R31
000126 93ee      	ST   -X,R30
000127 9731      	SBIW R30,1
000128 81ac      	LDD  R26,Y+4
000129 83a0      	STD  Z+0,R26
                 _0x2000013:
00012a 81aa      	LDD  R26,Y+2
00012b 81bb      	LDD  R27,Y+2+1
00012c 940e 0312 	CALL __GETW1P
00012e 23ff      	TST  R31
00012f f02a      	BRMI _0x2000014
000130 91ed      	LD   R30,X+
000131 91fd      	LD   R31,X+
000132 9631      	ADIW R30,1
000133 93fe      	ST   -X,R31
000134 93ee      	ST   -X,R30
                 _0x2000014:
000135 c006      	RJMP _0x2000015
                 _0x2000010:
000136 81aa      	LDD  R26,Y+2
000137 81bb      	LDD  R27,Y+2+1
000138 efef      	LDI  R30,LOW(65535)
000139 efff      	LDI  R31,HIGH(65535)
00013a 93ed      	ST   X+,R30
00013b 93fc      	ST   X,R31
                 _0x2000015:
00013c 8119      	LDD  R17,Y+1
00013d 8108      	LDD  R16,Y+0
00013e 9625      	ADIW R28,5
00013f 9508      	RET
                 ; .FEND
                 __print_G100:
                 ; .FSTART __print_G100
000140 93ba      	ST   -Y,R27
000141 93aa      	ST   -Y,R26
000142 9726      	SBIW R28,6
000143 940e 031f 	CALL __SAVELOCR6
000145 e010      	LDI  R17,0
000146 85ac      	LDD  R26,Y+12
000147 85bd      	LDD  R27,Y+12+1
000148 e0e0      	LDI  R30,LOW(0)
000149 e0f0      	LDI  R31,HIGH(0)
00014a 93ed      	ST   X+,R30
00014b 93fc      	ST   X,R31
                 _0x2000016:
00014c 89ea      	LDD  R30,Y+18
00014d 89fb      	LDD  R31,Y+18+1
00014e 9631      	ADIW R30,1
00014f 8bea      	STD  Y+18,R30
000150 8bfb      	STD  Y+18+1,R31
000151 9731      	SBIW R30,1
000152 91e4      	LPM  R30,Z
000153 2f2e      	MOV  R18,R30
000154 30e0      	CPI  R30,0
000155 f409      	BRNE PC+2
000156 c115      	RJMP _0x2000018
000157 2fe1      	MOV  R30,R17
000158 30e0      	CPI  R30,0
000159 f439      	BRNE _0x200001C
00015a 3225      	CPI  R18,37
00015b f411      	BRNE _0x200001D
00015c e011      	LDI  R17,LOW(1)
00015d c002      	RJMP _0x200001E
                 _0x200001D:
00015e 940e 02c1 	CALL SUBOPT_0x0
                 _0x200001E:
000160 c10a      	RJMP _0x200001B
                 _0x200001C:
000161 30e1      	CPI  R30,LOW(0x1)
000162 f4a9      	BRNE _0x200001F
000163 3225      	CPI  R18,37
000164 f419      	BRNE _0x2000020
000165 940e 02c1 	CALL SUBOPT_0x0
000167 c102      	RJMP _0x20000CC
                 _0x2000020:
000168 e012      	LDI  R17,LOW(2)
000169 e040      	LDI  R20,LOW(0)
00016a e000      	LDI  R16,LOW(0)
00016b 322d      	CPI  R18,45
00016c f411      	BRNE _0x2000021
00016d e001      	LDI  R16,LOW(1)
00016e c0fc      	RJMP _0x200001B
                 _0x2000021:
00016f 322b      	CPI  R18,43
000170 f411      	BRNE _0x2000022
000171 e24b      	LDI  R20,LOW(43)
000172 c0f8      	RJMP _0x200001B
                 _0x2000022:
000173 3220      	CPI  R18,32
000174 f411      	BRNE _0x2000023
000175 e240      	LDI  R20,LOW(32)
000176 c0f4      	RJMP _0x200001B
                 _0x2000023:
000177 c002      	RJMP _0x2000024
                 _0x200001F:
000178 30e2      	CPI  R30,LOW(0x2)
000179 f439      	BRNE _0x2000025
                 _0x2000024:
00017a e050      	LDI  R21,LOW(0)
00017b e013      	LDI  R17,LOW(3)
00017c 3320      	CPI  R18,48
00017d f411      	BRNE _0x2000026
00017e 6800      	ORI  R16,LOW(128)
00017f c0eb      	RJMP _0x200001B
                 _0x2000026:
000180 c003      	RJMP _0x2000027
                 _0x2000025:
000181 30e3      	CPI  R30,LOW(0x3)
000182 f009      	BREQ PC+2
000183 c0e7      	RJMP _0x200001B
                 _0x2000027:
000184 3320      	CPI  R18,48
000185 f010      	BRLO _0x200002A
000186 332a      	CPI  R18,58
000187 f008      	BRLO _0x200002B
                 _0x200002A:
000188 c007      	RJMP _0x2000029
                 _0x200002B:
000189 e0aa      	LDI  R26,LOW(10)
00018a 9f5a      	MUL  R21,R26
00018b 2d50      	MOV  R21,R0
00018c 2fe2      	MOV  R30,R18
00018d 53e0      	SUBI R30,LOW(48)
00018e 0f5e      	ADD  R21,R30
00018f c0db      	RJMP _0x200001B
                 _0x2000029:
000190 2fe2      	MOV  R30,R18
000191 36e3      	CPI  R30,LOW(0x63)
000192 f449      	BRNE _0x200002F
000193 940e 02c8 	CALL SUBOPT_0x1
000195 89e8      	LDD  R30,Y+16
000196 89f9      	LDD  R31,Y+16+1
000197 81a4      	LDD  R26,Z+4
000198 93aa      	ST   -Y,R26
000199 940e 02ce 	CALL SUBOPT_0x2
00019b c0ce      	RJMP _0x2000030
                 _0x200002F:
00019c 37e3      	CPI  R30,LOW(0x73)
00019d f441      	BRNE _0x2000032
00019e 940e 02c8 	CALL SUBOPT_0x1
0001a0 940e 02d4 	CALL SUBOPT_0x3
0001a2 940e 02a8 	CALL _strlen
0001a4 2f1e      	MOV  R17,R30
0001a5 c00a      	RJMP _0x2000033
                 _0x2000032:
0001a6 37e0      	CPI  R30,LOW(0x70)
0001a7 f461      	BRNE _0x2000035
0001a8 940e 02c8 	CALL SUBOPT_0x1
0001aa 940e 02d4 	CALL SUBOPT_0x3
0001ac 940e 02b4 	CALL _strlenf
0001ae 2f1e      	MOV  R17,R30
0001af 6008      	ORI  R16,LOW(8)
                 _0x2000033:
0001b0 6002      	ORI  R16,LOW(2)
0001b1 770f      	ANDI R16,LOW(127)
0001b2 e030      	LDI  R19,LOW(0)
0001b3 c034      	RJMP _0x2000036
                 _0x2000035:
0001b4 36e4      	CPI  R30,LOW(0x64)
0001b5 f011      	BREQ _0x2000039
0001b6 36e9      	CPI  R30,LOW(0x69)
0001b7 f411      	BRNE _0x200003A
                 _0x2000039:
0001b8 6004      	ORI  R16,LOW(4)
0001b9 c002      	RJMP _0x200003B
                 _0x200003A:
0001ba 37e5      	CPI  R30,LOW(0x75)
0001bb f431      	BRNE _0x200003C
                 _0x200003B:
0001bc e5e4      	LDI  R30,LOW(_tbl10_G100*2)
0001bd e0f0      	LDI  R31,HIGH(_tbl10_G100*2)
0001be 83ee      	STD  Y+6,R30
0001bf 83ff      	STD  Y+6+1,R31
0001c0 e015      	LDI  R17,LOW(5)
0001c1 c00c      	RJMP _0x200003D
                 _0x200003C:
0001c2 35e8      	CPI  R30,LOW(0x58)
0001c3 f411      	BRNE _0x200003F
0001c4 6008      	ORI  R16,LOW(8)
0001c5 c003      	RJMP _0x2000040
                 _0x200003F:
0001c6 37e8      	CPI  R30,LOW(0x78)
0001c7 f009      	BREQ PC+2
0001c8 c0a1      	RJMP _0x2000071
                 _0x2000040:
0001c9 e5ee      	LDI  R30,LOW(_tbl16_G100*2)
0001ca e0f0      	LDI  R31,HIGH(_tbl16_G100*2)
0001cb 83ee      	STD  Y+6,R30
0001cc 83ff      	STD  Y+6+1,R31
0001cd e014      	LDI  R17,LOW(4)
                 _0x200003D:
0001ce ff02      	SBRS R16,2
0001cf c014      	RJMP _0x2000042
0001d0 940e 02c8 	CALL SUBOPT_0x1
0001d2 940e 02de 	CALL SUBOPT_0x4
0001d4 85ab      	LDD  R26,Y+11
0001d5 23aa      	TST  R26
0001d6 f43a      	BRPL _0x2000043
0001d7 85ea      	LDD  R30,Y+10
0001d8 85fb      	LDD  R31,Y+10+1
0001d9 940e 02fb 	CALL __ANEGW1
0001db 87ea      	STD  Y+10,R30
0001dc 87fb      	STD  Y+10+1,R31
0001dd e24d      	LDI  R20,LOW(45)
                 _0x2000043:
0001de 3040      	CPI  R20,0
0001df f011      	BREQ _0x2000044
0001e0 5f1f      	SUBI R17,-LOW(1)
0001e1 c001      	RJMP _0x2000045
                 _0x2000044:
0001e2 7f0b      	ANDI R16,LOW(251)
                 _0x2000045:
0001e3 c004      	RJMP _0x2000046
                 _0x2000042:
0001e4 940e 02c8 	CALL SUBOPT_0x1
0001e6 940e 02de 	CALL SUBOPT_0x4
                 _0x2000046:
                 _0x2000036:
0001e8 fd00      	SBRC R16,0
0001e9 c011      	RJMP _0x2000047
                 _0x2000048:
0001ea 1715      	CP   R17,R21
0001eb f478      	BRSH _0x200004A
0001ec ff07      	SBRS R16,7
0001ed c008      	RJMP _0x200004B
0001ee ff02      	SBRS R16,2
0001ef c004      	RJMP _0x200004C
0001f0 7f0b      	ANDI R16,LOW(251)
0001f1 2f24      	MOV  R18,R20
0001f2 5011      	SUBI R17,LOW(1)
0001f3 c001      	RJMP _0x200004D
                 _0x200004C:
0001f4 e320      	LDI  R18,LOW(48)
                 _0x200004D:
0001f5 c001      	RJMP _0x200004E
                 _0x200004B:
0001f6 e220      	LDI  R18,LOW(32)
                 _0x200004E:
0001f7 940e 02c1 	CALL SUBOPT_0x0
0001f9 5051      	SUBI R21,LOW(1)
0001fa cfef      	RJMP _0x2000048
                 _0x200004A:
                 _0x2000047:
0001fb 2f31      	MOV  R19,R17
0001fc ff01      	SBRS R16,1
0001fd c017      	RJMP _0x200004F
                 _0x2000050:
0001fe 3030      	CPI  R19,0
0001ff f0a1      	BREQ _0x2000052
000200 ff03      	SBRS R16,3
000201 c006      	RJMP _0x2000053
000202 81ee      	LDD  R30,Y+6
000203 81ff      	LDD  R31,Y+6+1
000204 9125      	LPM  R18,Z+
000205 83ee      	STD  Y+6,R30
000206 83ff      	STD  Y+6+1,R31
000207 c005      	RJMP _0x2000054
                 _0x2000053:
000208 81ae      	LDD  R26,Y+6
000209 81bf      	LDD  R27,Y+6+1
00020a 912d      	LD   R18,X+
00020b 83ae      	STD  Y+6,R26
00020c 83bf      	STD  Y+6+1,R27
                 _0x2000054:
00020d 940e 02c1 	CALL SUBOPT_0x0
00020f 3050      	CPI  R21,0
000210 f009      	BREQ _0x2000055
000211 5051      	SUBI R21,LOW(1)
                 _0x2000055:
000212 5031      	SUBI R19,LOW(1)
000213 cfea      	RJMP _0x2000050
                 _0x2000052:
000214 c04b      	RJMP _0x2000056
                 _0x200004F:
                 _0x2000058:
000215 e320      	LDI  R18,LOW(48)
000216 81ee      	LDD  R30,Y+6
000217 81ff      	LDD  R31,Y+6+1
000218 940e 0316 	CALL __GETW1PF
00021a 87e8      	STD  Y+8,R30
00021b 87f9      	STD  Y+8+1,R31
00021c 81ee      	LDD  R30,Y+6
00021d 81ff      	LDD  R31,Y+6+1
00021e 9632      	ADIW R30,2
00021f 83ee      	STD  Y+6,R30
000220 83ff      	STD  Y+6+1,R31
                 _0x200005A:
000221 85e8      	LDD  R30,Y+8
000222 85f9      	LDD  R31,Y+8+1
000223 85aa      	LDD  R26,Y+10
000224 85bb      	LDD  R27,Y+10+1
000225 17ae      	CP   R26,R30
000226 07bf      	CPC  R27,R31
000227 f050      	BRLO _0x200005C
000228 5f2f      	SUBI R18,-LOW(1)
000229 85a8      	LDD  R26,Y+8
00022a 85b9      	LDD  R27,Y+8+1
00022b 85ea      	LDD  R30,Y+10
00022c 85fb      	LDD  R31,Y+10+1
00022d 1bea      	SUB  R30,R26
00022e 0bfb      	SBC  R31,R27
00022f 87ea      	STD  Y+10,R30
000230 87fb      	STD  Y+10+1,R31
000231 cfef      	RJMP _0x200005A
                 _0x200005C:
000232 332a      	CPI  R18,58
000233 f028      	BRLO _0x200005D
000234 ff03      	SBRS R16,3
000235 c002      	RJMP _0x200005E
000236 5f29      	SUBI R18,-LOW(7)
000237 c001      	RJMP _0x200005F
                 _0x200005E:
000238 5d29      	SUBI R18,-LOW(39)
                 _0x200005F:
                 _0x200005D:
000239 fd04      	SBRC R16,4
00023a c01a      	RJMP _0x2000061
00023b 3321      	CPI  R18,49
00023c f420      	BRSH _0x2000063
00023d 85a8      	LDD  R26,Y+8
00023e 85b9      	LDD  R27,Y+8+1
00023f 9711      	SBIW R26,1
000240 f409      	BRNE _0x2000062
                 _0x2000063:
000241 c009      	RJMP _0x20000CD
                 _0x2000062:
000242 1753      	CP   R21,R19
000243 f010      	BRLO _0x2000067
000244 ff00      	SBRS R16,0
000245 c001      	RJMP _0x2000068
                 _0x2000067:
000246 c013      	RJMP _0x2000066
                 _0x2000068:
000247 e220      	LDI  R18,LOW(32)
000248 ff07      	SBRS R16,7
000249 c00b      	RJMP _0x2000069
00024a e320      	LDI  R18,LOW(48)
                 _0x20000CD:
00024b 6100      	ORI  R16,LOW(16)
00024c ff02      	SBRS R16,2
00024d c007      	RJMP _0x200006A
00024e 7f0b      	ANDI R16,LOW(251)
00024f 934a      	ST   -Y,R20
000250 940e 02ce 	CALL SUBOPT_0x2
000252 3050      	CPI  R21,0
000253 f009      	BREQ _0x200006B
000254 5051      	SUBI R21,LOW(1)
                 _0x200006B:
                 _0x200006A:
                 _0x2000069:
                 _0x2000061:
000255 940e 02c1 	CALL SUBOPT_0x0
000257 3050      	CPI  R21,0
000258 f009      	BREQ _0x200006C
000259 5051      	SUBI R21,LOW(1)
                 _0x200006C:
                 _0x2000066:
00025a 5031      	SUBI R19,LOW(1)
00025b 85a8      	LDD  R26,Y+8
00025c 85b9      	LDD  R27,Y+8+1
00025d 9712      	SBIW R26,2
00025e f008      	BRLO _0x2000059
00025f cfb5      	RJMP _0x2000058
                 _0x2000059:
                 _0x2000056:
000260 ff00      	SBRS R16,0
000261 c008      	RJMP _0x200006D
                 _0x200006E:
000262 3050      	CPI  R21,0
000263 f031      	BREQ _0x2000070
000264 5051      	SUBI R21,LOW(1)
000265 e2e0      	LDI  R30,LOW(32)
000266 93ea      	ST   -Y,R30
000267 940e 02ce 	CALL SUBOPT_0x2
000269 cff8      	RJMP _0x200006E
                 _0x2000070:
                 _0x200006D:
                 _0x2000071:
                 _0x2000030:
                 _0x20000CC:
00026a e010      	LDI  R17,LOW(0)
                 _0x200001B:
00026b cee0      	RJMP _0x2000016
                 _0x2000018:
00026c 85ac      	LDD  R26,Y+12
00026d 85bd      	LDD  R27,Y+12+1
00026e 940e 0312 	CALL __GETW1P
000270 940e 0326 	CALL __LOADLOCR6
000272 9664      	ADIW R28,20
000273 9508      	RET
                 ; .FEND
                 _sprintf:
                 ; .FSTART _sprintf
000274 92ff      	PUSH R15
000275 2ef8      	MOV  R15,R24
000276 9726      	SBIW R28,6
000277 940e 0321 	CALL __SAVELOCR4
000279 940e 02e6 	CALL SUBOPT_0x5
00027b 9730      	SBIW R30,0
00027c f419      	BRNE _0x2000072
00027d efef      	LDI  R30,LOW(65535)
00027e efff      	LDI  R31,HIGH(65535)
00027f c023      	RJMP _0x2060001
                 _0x2000072:
000280 01de      	MOVW R26,R28
000281 9616      	ADIW R26,6
000282 940e 02f7 	CALL __ADDW2R15
000284 018d      	MOVW R16,R26
000285 940e 02e6 	CALL SUBOPT_0x5
000287 83ee      	STD  Y+6,R30
000288 83ff      	STD  Y+6+1,R31
000289 e0e0      	LDI  R30,LOW(0)
00028a 87e8      	STD  Y+8,R30
00028b 87e9      	STD  Y+8+1,R30
00028c 01de      	MOVW R26,R28
00028d 961a      	ADIW R26,10
00028e 940e 02f7 	CALL __ADDW2R15
000290 940e 0312 	CALL __GETW1P
000292 93fa      	ST   -Y,R31
000293 93ea      	ST   -Y,R30
000294 931a      	ST   -Y,R17
000295 930a      	ST   -Y,R16
000296 e0e0      	LDI  R30,LOW(_put_buff_G100)
000297 e0f1      	LDI  R31,HIGH(_put_buff_G100)
000298 93fa      	ST   -Y,R31
000299 93ea      	ST   -Y,R30
00029a 01de      	MOVW R26,R28
00029b 961a      	ADIW R26,10
00029c dea3      	RCALL __print_G100
00029d 019f      	MOVW R18,R30
00029e 81ae      	LDD  R26,Y+6
00029f 81bf      	LDD  R27,Y+6+1
0002a0 e0e0      	LDI  R30,LOW(0)
0002a1 93ec      	ST   X,R30
0002a2 01f9      	MOVW R30,R18
                 _0x2060001:
0002a3 940e 0328 	CALL __LOADLOCR4
0002a5 962a      	ADIW R28,10
0002a6 90ff      	POP  R15
0002a7 9508      	RET
                 ; .FEND
                 
                 	.CSEG
                 
                 	.CSEG
                 _strlen:
                 ; .FSTART _strlen
0002a8 93ba      	ST   -Y,R27
0002a9 93aa      	ST   -Y,R26
0002aa 91a9          ld   r26,y+
0002ab 91b9          ld   r27,y+
0002ac 27ee          clr  r30
0002ad 27ff          clr  r31
                 strlen0:
0002ae 916d          ld   r22,x+
0002af 2366          tst  r22
0002b0 f011          breq strlen1
0002b1 9631          adiw r30,1
0002b2 cffb          rjmp strlen0
                 strlen1:
0002b3 9508          ret
                 ; .FEND
                 _strlenf:
                 ; .FSTART _strlenf
0002b4 93ba      	ST   -Y,R27
0002b5 93aa      	ST   -Y,R26
0002b6 27aa          clr  r26
0002b7 27bb          clr  r27
0002b8 91e9          ld   r30,y+
0002b9 91f9          ld   r31,y+
                 strlenf0:
0002ba 9005      	lpm  r0,z+
0002bb 2000          tst  r0
0002bc f011          breq strlenf1
0002bd 9611          adiw r26,1
0002be cffb          rjmp strlenf0
                 strlenf1:
0002bf 01fd          movw r30,r26
0002c0 9508          ret
                 ; .FEND
                 
                 	.DSEG
                 _period_out:
000160           	.BYTE 0x2
                 _frequency:
000162           	.BYTE 0xA
                 
                 	.CSEG
                 ;OPTIMIZER ADDED SUBROUTINE, CALLED 5 TIMES, CODE SIZE REDUCTION:13 WORDS
                 SUBOPT_0x0:
0002c1 932a      	ST   -Y,R18
0002c2 85ad      	LDD  R26,Y+13
0002c3 85be      	LDD  R27,Y+13+1
0002c4 85ef      	LDD  R30,Y+15
0002c5 89f8      	LDD  R31,Y+15+1
0002c6 9509      	ICALL
0002c7 9508      	RET
                 
                 ;OPTIMIZER ADDED SUBROUTINE, CALLED 5 TIMES, CODE SIZE REDUCTION:9 WORDS
                 SUBOPT_0x1:
0002c8 89e8      	LDD  R30,Y+16
0002c9 89f9      	LDD  R31,Y+16+1
0002ca 9734      	SBIW R30,4
0002cb 8be8      	STD  Y+16,R30
0002cc 8bf9      	STD  Y+16+1,R31
0002cd 9508      	RET
                 
                 ;OPTIMIZER ADDED SUBROUTINE, CALLED 3 TIMES, CODE SIZE REDUCTION:3 WORDS
                 SUBOPT_0x2:
0002ce 85ad      	LDD  R26,Y+13
0002cf 85be      	LDD  R27,Y+13+1
0002d0 85ef      	LDD  R30,Y+15
0002d1 89f8      	LDD  R31,Y+15+1
0002d2 9509      	ICALL
0002d3 9508      	RET
                 
                 ;OPTIMIZER ADDED SUBROUTINE, CALLED 2 TIMES, CODE SIZE REDUCTION:4 WORDS
                 SUBOPT_0x3:
0002d4 89a8      	LDD  R26,Y+16
0002d5 89b9      	LDD  R27,Y+16+1
0002d6 9614      	ADIW R26,4
0002d7 940e 0312 	CALL __GETW1P
0002d9 83ee      	STD  Y+6,R30
0002da 83ff      	STD  Y+6+1,R31
0002db 81ae      	LDD  R26,Y+6
0002dc 81bf      	LDD  R27,Y+6+1
0002dd 9508      	RET
                 
                 ;OPTIMIZER ADDED SUBROUTINE, CALLED 2 TIMES, CODE SIZE REDUCTION:2 WORDS
                 SUBOPT_0x4:
0002de 89a8      	LDD  R26,Y+16
0002df 89b9      	LDD  R27,Y+16+1
0002e0 9614      	ADIW R26,4
0002e1 940e 0312 	CALL __GETW1P
0002e3 87ea      	STD  Y+10,R30
0002e4 87fb      	STD  Y+10+1,R31
0002e5 9508      	RET
                 
                 ;OPTIMIZER ADDED SUBROUTINE, CALLED 2 TIMES, CODE SIZE REDUCTION:1 WORDS
                 SUBOPT_0x5:
0002e6 01de      	MOVW R26,R28
0002e7 961c      	ADIW R26,12
0002e8 940e 02f7 	CALL __ADDW2R15
0002ea 940e 0312 	CALL __GETW1P
0002ec 9508      	RET
                 
                 
                 	.CSEG
                 _delay_ms:
0002ed 9610      	adiw r26,0
0002ee f039      	breq __delay_ms1
                 __delay_ms0:
                +
0002ef ed80     +LDI R24 , LOW ( 0x7D0 )
0002f0 e097     +LDI R25 , HIGH ( 0x7D0 )
                +__DELAY_USW_LOOP :
0002f1 9701     +SBIW R24 , 1
0002f2 f7f1     +BRNE __DELAY_USW_LOOP
                 	__DELAY_USW 0x7D0
0002f3 95a8      	wdr
0002f4 9711      	sbiw r26,1
0002f5 f7c9      	brne __delay_ms0
                 __delay_ms1:
0002f6 9508      	ret
                 
                 __ADDW2R15:
0002f7 2400      	CLR  R0
0002f8 0daf      	ADD  R26,R15
0002f9 1db0      	ADC  R27,R0
0002fa 9508      	RET
                 
                 __ANEGW1:
0002fb 95f1      	NEG  R31
0002fc 95e1      	NEG  R30
0002fd 40f0      	SBCI R31,0
0002fe 9508      	RET
                 
                 __DIVW21U:
0002ff 2400      	CLR  R0
000300 2411      	CLR  R1
000301 e190      	LDI  R25,16
                 __DIVW21U1:
000302 0faa      	LSL  R26
000303 1fbb      	ROL  R27
000304 1c00      	ROL  R0
000305 1c11      	ROL  R1
000306 1a0e      	SUB  R0,R30
000307 0a1f      	SBC  R1,R31
000308 f418      	BRCC __DIVW21U2
000309 0e0e      	ADD  R0,R30
00030a 1e1f      	ADC  R1,R31
00030b c001      	RJMP __DIVW21U3
                 __DIVW21U2:
00030c 60a1      	SBR  R26,1
                 __DIVW21U3:
00030d 959a      	DEC  R25
00030e f799      	BRNE __DIVW21U1
00030f 01fd      	MOVW R30,R26
000310 01d0      	MOVW R26,R0
000311 9508      	RET
                 
                 __GETW1P:
000312 91ed      	LD   R30,X+
000313 91fc      	LD   R31,X
000314 9711      	SBIW R26,1
000315 9508      	RET
                 
                 __GETW1PF:
000316 9005      	LPM  R0,Z+
000317 91f4      	LPM  R31,Z
000318 2de0      	MOV  R30,R0
000319 9508      	RET
                 
                 __PUTPARD1:
00031a 937a      	ST   -Y,R23
00031b 936a      	ST   -Y,R22
00031c 93fa      	ST   -Y,R31
00031d 93ea      	ST   -Y,R30
00031e 9508      	RET
                 
                 __SAVELOCR6:
00031f 935a      	ST   -Y,R21
                 __SAVELOCR5:
000320 934a      	ST   -Y,R20
                 __SAVELOCR4:
000321 933a      	ST   -Y,R19
                 __SAVELOCR3:
000322 932a      	ST   -Y,R18
                 __SAVELOCR2:
000323 931a      	ST   -Y,R17
000324 930a      	ST   -Y,R16
000325 9508      	RET
                 
                 __LOADLOCR6:
000326 815d      	LDD  R21,Y+5
                 __LOADLOCR5:
000327 814c      	LDD  R20,Y+4
                 __LOADLOCR4:
000328 813b      	LDD  R19,Y+3
                 __LOADLOCR3:
000329 812a      	LDD  R18,Y+2
                 __LOADLOCR2:
00032a 8119      	LDD  R17,Y+1
00032b 8108      	LD   R16,Y
00032c 9508      	RET
                 
                 ;END OF CODE MARKER
                 __END_OF_CODE:


RESOURCE USE INFORMATION
------------------------

Notice:
The register and instruction counts are symbol table hit counts,
and hence implicitly used resources are not counted, eg, the
'lpm' instruction without operands implicitly uses r0 and z,
none of which are counted.

x,y,z are separate entities in the symbol table and are
counted separately from r26..r31 here.

.dseg memory usage only counts static data declared with .byte

ATmega16 register use summary:
r0 :  18 r1 :   7 r2 :   0 r3 :   0 r4 :   5 r5 :   1 r6 :   5 r7 :   3 
r8 :   2 r9 :   1 r10:   3 r11:   1 r12:   2 r13:   0 r14:   0 r15:   6 
r16:  34 r17:  20 r18:  29 r19:   8 r20:   9 r21:  17 r22:   8 r23:   4 
r24:  13 r25:   7 r26:  83 r27:  39 r28:  12 r29:   1 r30: 168 r31:  74 
x  :  23 y  : 170 z  :  14 
Registers used: 31 out of 35 (88.6%)

ATmega16 instruction use summary:
.lds  :   0 .lds.l:   0 .sts  :   0 .sts.l:   0 adc   :   6 add   :   7 
adiw  :  24 and   :   0 andi  :   4 asr   :   0 bclr  :   0 bld   :   0 
brbc  :   0 brbs  :   0 brcc  :   1 brcs  :   0 break :   0 breq  :  15 
brge  :   1 brhc  :   0 brhs  :   0 brid  :   0 brie  :   0 brlo  :   7 
brlt  :   0 brmi  :   1 brne  :  24 brpl  :   1 brsh  :   2 brtc  :   0 
brts  :   0 brvc  :   0 brvs  :   0 bset  :   0 bst   :   0 call  :  42 
cbi   :   2 cbr   :   0 clc   :   0 clh   :   0 cli   :   1 cln   :   0 
clr   :  15 cls   :   0 clt   :   0 clv   :   0 clz   :   0 com   :   0 
cp    :   4 cpc   :   3 cpi   :  30 cpse  :   0 dec   :   2 des   :   0 
eor   :   0 fmul  :   0 fmuls :   0 fmulsu:   0 icall :   2 ijmp  :   0 
in    :   4 inc   :   0 jmp   :  22 ld    :  31 ldd   :  70 ldi   :  81 
lds   :   2 lpm   :  14 lsl   :   1 lsr   :   0 mov   :  12 movw  :  27 
mul   :   1 muls  :   0 mulsu :   0 neg   :   2 nop   :   0 or    :   0 
ori   :   6 out   :  15 pop   :   1 push  :   1 rcall :   8 ret   :  22 
reti  :   2 rjmp  :  57 rol   :   3 ror   :   0 sbc   :   3 sbci  :   1 
sbi   :   2 sbic  :   0 sbis  :   0 sbiw  :  17 sbr   :   1 sbrc  :   2 
sbrs  :  10 sec   :   0 seh   :   0 sei   :   1 sen   :   0 ser   :   0 
ses   :   0 set   :   0 sev   :   0 sez   :   0 sleep :   0 spm   :   0 
st    :  65 std   :  29 sts   :   2 sub   :   3 subi  :  13 swap  :   0 
tst   :   4 wdr   :   1 
Instructions used: 57 out of 116 (49.1%)

ATmega16 memory use summary [bytes]:
Segment   Begin    End      Code   Data   Used    Size   Use%
---------------------------------------------------------------
[.cseg] 0x000000 0x00065a   1592     34   1626   16384   9.9%
[.dseg] 0x000060 0x00016c      0     12     12    1024   1.2%
[.eseg] 0x000000 0x000000      0      0      0     512   0.0%

Assembly complete, 0 errors, 10 warnings
